2018-10-11 13:51:33.341 +01:00 [INF] Smartscan project:88608-M11-11-Hao.zip is detected
2018-10-11 13:51:44.156 +01:00 [INF] Drainage File database is sucessfully created
2018-10-11 13:51:44.157 +01:00 [INF] 88608-M11-11-Hao: Python script starts to process
2018-10-11 13:52:11.245 +01:00 [INF] working until here
2018-10-11 13:52:11.340 +01:00 [INF] Python Processing is completed
2018-10-11 13:52:12.908 +01:00 [INF] Smartscan email notification has been sent!
2018-10-11 13:54:06.626 +01:00 [INF] Smartscan project:88608-M11-11-Hao.zip is detected
2018-10-11 13:54:17.743 +01:00 [INF] Drainage File database is sucessfully created
2018-10-11 13:54:17.745 +01:00 [INF] 88608-M11-11-Hao: Python script starts to process
2018-10-11 13:54:33.892 +01:00 [INF] working until here
2018-10-11 13:54:34.157 +01:00 [INF] Python Processing is completed
2018-10-11 13:54:35.000 +01:00 [INF] Smartscan email notification has been sent!
2018-10-11 15:55:37.152 +01:00 [INF] Smartscan project:88608-M11-11-Hao.zip is detected
2018-10-11 15:56:47.201 +01:00 [INF] Smartscan project:88608-M11-11-Hao.zip is detected
2018-10-11 16:01:06.338 +01:00 [INF] Smartscan project:88608-M11-11-Hao.zip is detected
2018-10-11 16:03:09.044 +01:00 [INF] Drainage File database is sucessfully created
2018-10-11 16:03:25.225 +01:00 [INF] 88608-M11-11-Hao: Python script starts to process
2018-10-11 16:03:46.470 +01:00 [INF] working until here
2018-10-11 16:03:46.736 +01:00 [INF] Python Processing is completed
2018-10-11 16:03:47.975 +01:00 [INF] Smartscan email notification has been sent!
2018-10-12 08:42:13.396 +01:00 [INF] Smartscan project:88608-M11-11-Hao.zip is detected
2018-10-12 08:43:19.868 +01:00 [INF] Drainage File database is sucessfully created
2018-10-12 08:43:21.951 +01:00 [INF] 88608-M11-11-Hao: Python script starts to process
2018-10-12 08:43:48.643 +01:00 [INF] working until here
2018-10-12 08:43:48.912 +01:00 [INF] Python Processing is completed
2018-10-12 08:43:50.385 +01:00 [INF] Smartscan email notification has been sent!
2018-10-17 08:55:06.438 +01:00 [INF] Smartscan project:11608-M11-8-Reece.zip is detected
2018-10-17 08:55:51.955 +01:00 [INF] Drainage File database is sucessfully created
2018-10-17 08:55:53.072 +01:00 [INF] 11608-M11-8-Reece: Python script starts to process
2018-10-17 08:56:27.862 +01:00 [INF] Sm_PointXY Successfully converted:  C:\1-CarnellDeployment\SMARTscan\Data\SourceFolder\11608-M11-8-Reece\DRAINAGE_REPORTS.mdb\Sm_PointXY
2018-10-17 08:59:02.891 +01:00 [INF] Python Processing is completed
2018-10-17 08:59:05.169 +01:00 [INF] Smartscan email notification has been sent!
2018-10-17 09:03:36.803 +01:00 [INF] Smartscan project:11608-M11-8-Reece.zip is detected
2018-10-17 09:04:16.801 +01:00 [INF] Drainage File database is sucessfully created
2018-10-17 09:04:16.803 +01:00 [INF] 11608-M11-8-Reece: Python script starts to process
2018-10-17 09:04:46.276 +01:00 [INF] Sm_PointXY Successfully converted:  C:\1-CarnellDeployment\SMARTscan\Data\SourceFolder\11608-M11-8-Reece\DRAINAGE_REPORTS.mdb\Sm_PointXY
2018-10-17 09:07:04.655 +01:00 [INF] Python Processing is completed
2018-10-17 09:07:05.667 +01:00 [INF] Smartscan email notification has been sent!
2018-10-17 09:13:44.323 +01:00 [INF] Smartscan project:11608-M11-8-Reece.zip is detected
2018-10-17 09:14:29.026 +01:00 [INF] Drainage File database is sucessfully created
2018-10-17 09:14:29.034 +01:00 [INF] 11608-M11-8-Reece: Python script starts to process
2018-10-17 09:15:12.393 +01:00 [INF] Sm_PointXY Successfully converted:  C:\1-CarnellDeployment\SMARTscan\Data\SourceFolder\11608-M11-8-Reece\DRAINAGE_REPORTS.mdb\Sm_PointXY
2018-10-17 09:17:27.480 +01:00 [INF] Python Processing is completed
2018-10-17 09:17:28.318 +01:00 [INF] Smartscan email notification has been sent!
2018-10-17 09:44:21.097 +01:00 [INF] Smartscan project:11608-M11-8-Reece.zip is detected
2018-10-17 09:44:59.183 +01:00 [INF] Drainage File database is sucessfully created
2018-10-17 09:44:59.185 +01:00 [INF] 11608-M11-8-Reece: Python script starts to process
2018-10-17 09:45:29.510 +01:00 [INF] Sm_PointXY Successfully converted:  C:\1-CarnellDeployment\SMARTscan\Data\SourceFolder\11608-M11-8-Reece\DRAINAGE_REPORTS.mdb\Sm_PointXY
2018-10-17 09:48:14.335 +01:00 [INF] Python Processing is completed
2018-10-17 09:48:58.900 +01:00 [INF] Carnell service windows service: Topshelf installation is configured
2018-10-17 10:44:21.654 +01:00 [INF] Smartscan project:11608-M11-8-Reece.zip is detected
2018-10-17 10:44:58.373 +01:00 [INF] Drainage File database is sucessfully created
2018-10-17 10:44:58.375 +01:00 [INF] 11608-M11-8-Reece: Python script starts to process
2018-10-17 10:45:30.162 +01:00 [INF] Sm_PointXY Successfully converted:  C:\1-CarnellDeployment\SMARTscan\Data\SourceFolder\11608-M11-8-Reece\DRAINAGE_REPORTS.mdb\Sm_PointXY
2018-10-17 10:48:22.739 +01:00 [INF] Python Processing is completed
2018-10-17 10:51:17.182 +01:00 [INF] Carnell service windows service: Topshelf installation is configured
2018-10-17 11:29:20.754 +01:00 [INF] Smartscan project:11608-M11-8-Reece.zip is detected
2018-10-17 11:30:00.118 +01:00 [INF] Carnell service windows service: Topshelf installation is configured
2018-10-17 11:34:19.991 +01:00 [INF] Smartscan project:11608-M11-8-Reece.zip is detected
2018-10-17 11:34:55.689 +01:00 [INF] Drainage File database is sucessfully created
2018-10-17 11:34:55.691 +01:00 [INF] 11608-M11-8-Reece: Python script starts to process
2018-10-17 11:35:25.243 +01:00 [INF] Sm_PointXY Successfully converted:  C:\1-CarnellDeployment\SMARTscan\Data\SourceFolder\11608-M11-8-Reece\DRAINAGE_REPORTS.mdb\Sm_PointXY
2018-10-17 11:38:08.830 +01:00 [INF] Python Processing is completed
2018-10-17 11:38:22.035 +01:00 [INF] Drainage File database is sucessfully created
2018-10-17 11:38:24.431 +01:00 [INF] Smartscan email notification has been sent!
2018-10-17 11:44:19.600 +01:00 [INF] Smartscan project:11608-M11-8-Reece.zip is detected
2018-10-17 11:44:56.053 +01:00 [INF] Drainage File database is sucessfully created
2018-10-17 11:44:56.055 +01:00 [INF] 11608-M11-8-Reece: Python script starts to process
2018-10-17 11:45:25.351 +01:00 [INF] Sm_PointXY Successfully converted:  C:\1-CarnellDeployment\SMARTscan\Data\SourceFolder\11608-M11-8-Reece\DRAINAGE_REPORTS.mdb\Sm_PointXY
2018-10-17 11:48:03.029 +01:00 [INF] Python Processing is completed
2018-10-17 11:48:03.092 +01:00 [INF] Carnell service windows service: Topshelf installation is configured
2018-10-17 11:59:20.643 +01:00 [INF] Smartscan project:11608-M11-8-Reece.zip is detected
2018-10-17 11:59:56.212 +01:00 [INF] Drainage File database is sucessfully created
2018-10-17 11:59:56.214 +01:00 [INF] 11608-M11-8-Reece: Python script starts to process
2018-10-17 12:00:27.124 +01:00 [INF] Sm_PointXY Successfully converted:  C:\1-CarnellDeployment\SMARTscan\Data\SourceFolder\11608-M11-8-Reece\DRAINAGE_REPORTS.mdb\Sm_PointXY
2018-10-17 12:03:06.303 +01:00 [INF] Python Processing is completed
2018-10-17 12:03:06.376 +01:00 [INF] Carnell service windows service: Topshelf installation is configured
2018-10-17 12:09:20.775 +01:00 [INF] Smartscan project:11608-M11-8-Reece.zip is detected
2018-10-17 12:09:56.818 +01:00 [INF] Drainage File database is sucessfully created
2018-10-17 12:09:56.820 +01:00 [INF] 11608-M11-8-Reece: Python script starts to process
2018-10-17 12:10:26.462 +01:00 [INF] Sm_PointXY Successfully converted:  C:\1-CarnellDeployment\SMARTscan\Data\SourceFolder\11608-M11-8-Reece\DRAINAGE_REPORTS.mdb\Sm_PointXY
2018-10-17 12:13:06.934 +01:00 [INF] Python Processing is completed
2018-10-17 12:13:06.979 +01:00 [INF] Carnell service windows service: Topshelf installation is configured
2018-10-17 12:19:15.455 +01:00 [INF] Smartscan project:11608-M11-8-Reece.zip is detected
2018-10-17 12:19:52.005 +01:00 [INF] Drainage File database is sucessfully created
2018-10-17 12:19:52.007 +01:00 [INF] 11608-M11-8-Reece: Python script starts to process
2018-10-17 12:20:21.588 +01:00 [INF] Sm_PointXY Successfully converted:  C:\1-CarnellDeployment\SMARTscan\Data\SourceFolder\11608-M11-8-Reece\DRAINAGE_REPORTS.mdb\Sm_PointXY
2018-10-17 12:22:59.981 +01:00 [INF] Python Processing is completed
2018-10-17 12:23:53.800 +01:00 [INF] Carnell service windows service: Topshelf installation is configured
2018-10-17 12:29:20.406 +01:00 [INF] Smartscan project:11608-M11-8-Reece.zip is detected
2018-10-17 12:29:56.512 +01:00 [INF] Drainage File database is sucessfully created
2018-10-17 12:29:56.514 +01:00 [INF] 11608-M11-8-Reece: Python script starts to process
2018-10-17 12:30:25.952 +01:00 [INF] Sm_PointXY Successfully converted:  C:\1-CarnellDeployment\SMARTscan\Data\SourceFolder\11608-M11-8-Reece\DRAINAGE_REPORTS.mdb\Sm_PointXY
2018-10-17 12:33:09.268 +01:00 [INF] Python Processing is completed
2018-10-17 12:35:08.787 +01:00 [INF] Drainage File database is sucessfully created
2018-10-17 12:35:09.813 +01:00 [INF] Smartscan email notification has been sent!
2018-10-17 12:49:16.675 +01:00 [INF] Smartscan project:11608-M11-8-Reece.zip is detected
2018-10-17 12:49:53.008 +01:00 [INF] Drainage File database is sucessfully created
2018-10-17 12:49:53.009 +01:00 [INF] 11608-M11-8-Reece: Python script starts to process
2018-10-17 12:50:24.059 +01:00 [INF] Sm_PointXY Successfully converted:  C:\1-CarnellDeployment\SMARTscan\Data\SourceFolder\11608-M11-8-Reece\DRAINAGE_REPORTS.mdb\Sm_PointXY
2018-10-17 12:53:09.265 +01:00 [INF] Python Processing is completed
2018-10-17 12:53:22.804 +01:00 [INF] Drainage File database is sucessfully created
2018-10-17 12:53:23.708 +01:00 [INF] Smartscan email notification has been sent!
2018-10-17 13:04:18.298 +01:00 [INF] Smartscan project:11608-M11-8-Reece.zip is detected
2018-10-17 13:04:53.730 +01:00 [INF] Drainage File database is sucessfully created
2018-10-17 13:04:53.732 +01:00 [INF] 11608-M11-8-Reece: Python script starts to process
2018-10-17 13:05:24.251 +01:00 [INF] Sm_PointXY Successfully converted:  C:\1-CarnellDeployment\SMARTscan\Data\SourceFolder\11608-M11-8-Reece\DRAINAGE_REPORTS.mdb\Sm_PointXY
2018-10-17 13:08:05.788 +01:00 [INF] Python Processing is completed
2018-10-17 13:08:19.034 +01:00 [INF] Drainage File database is sucessfully created
2018-10-17 13:08:21.532 +01:00 [INF] Smartscan email notification has been sent!
2018-10-17 13:26:41.799 +01:00 [INF] Smartscan project:11608-M11-8-Reece.zip is detected
2018-10-17 13:27:32.509 +01:00 [INF] Drainage File database is sucessfully created
2018-10-17 13:27:32.510 +01:00 [INF] 11608-M11-8-Reece: Python script starts to process
2018-10-17 13:28:20.877 +01:00 [INF] Sm_PointXY Successfully converted:  C:\1-CarnellDeployment\SMARTscan\Data\SourceFolder\11608-M11-8-Reece\DRAINAGE_REPORTS.mdb\Sm_PointXY
2018-10-17 13:30:47.635 +01:00 [INF] Python Processing is completed
2018-10-17 13:31:05.371 +01:00 [INF] Drainage File database is sucessfully created
2018-10-17 13:31:06.609 +01:00 [INF] Smartscan email notification has been sent!
2018-10-17 13:42:56.672 +01:00 [INF] Smartscan project:11608-M11-8-Reece.zip is detected
2018-10-17 13:44:04.851 +01:00 [INF] Drainage File database is sucessfully created
2018-10-17 13:44:04.852 +01:00 [INF] 11608-M11-8-Reece: Python script starts to process
2018-10-17 13:44:59.442 +01:00 [INF] Sm_PointXY Successfully converted:  C:\1-CarnellDeployment\SMARTscan\Data\SourceFolder\11608-M11-8-Reece\DRAINAGE_REPORTS.mdb\Sm_PointXY
2018-10-17 13:47:39.643 +01:00 [INF] Python Processing is completed
2018-10-17 13:47:57.649 +01:00 [INF] Drainage File database is sucessfully created
2018-10-17 13:47:59.185 +01:00 [INF] Smartscan email notification has been sent!
2018-10-17 13:50:18.358 +01:00 [INF] Smartscan project:11608-M11-8-Reece.zip is detected
2018-10-17 13:51:13.348 +01:00 [INF] Drainage File database is sucessfully created
2018-10-17 13:51:13.349 +01:00 [INF] 11608-M11-8-Reece: Python script starts to process
2018-10-17 13:51:59.541 +01:00 [INF] Sm_PointXY Successfully converted:  C:\1-CarnellDeployment\SMARTscan\Data\SourceFolder\11608-M11-8-Reece\DRAINAGE_REPORTS.mdb\Sm_PointXY
2018-10-17 13:54:41.639 +01:00 [INF] Python Processing is completed
2018-10-17 13:55:03.588 +01:00 [INF] Drainage File database is sucessfully created
2018-10-17 13:55:05.047 +01:00 [INF] Smartscan email notification has been sent!
2018-10-17 14:07:05.046 +01:00 [INF] Smartscan project:11608-M11-8-Reece.zip is detected
2018-10-17 14:08:09.047 +01:00 [INF] Drainage File database is sucessfully created
2018-10-17 14:08:09.051 +01:00 [INF] 11608-M11-8-Reece: Python script starts to process
2018-10-17 14:08:56.992 +01:00 [INF] Sm_PointXY Successfully converted:  C:\1-CarnellDeployment\SMARTscan\Data\SourceFolder\11608-M11-8-Reece\DRAINAGE_REPORTS.mdb\Sm_PointXY
2018-10-17 14:11:27.635 +01:00 [INF] Python Processing is completed
2018-10-17 14:11:45.278 +01:00 [INF] Drainage File database is sucessfully created
2018-10-17 14:11:46.781 +01:00 [INF] Smartscan email notification has been sent!
